<?xml version="1.0" encoding="UTF-8"?>
<!-- Generated by org.testng.reporters.JUnitReportReporter -->
<testsuite hostname="DESKTOP-3BJMLDI" failures="0" tests="1" name="practice.SampleTest1" time="0.009" errors="0" timestamp="2023-01-18T19:04:39 IST" skipped="0">
  <testcase classname="practice.SampleTest1" name="test" time="0.009"/>
  <system-out/>
</testsuite> <!-- practice.SampleTest1 -->
