<?xml version="1.0" encoding="UTF-8"?>
<!-- Generated by org.testng.reporters.JUnitReportReporter -->
<testsuite hostname="DESKTOP-3BJMLDI" failures="0" tests="1" name="sample.SampleTest2" time="0.008" errors="0" timestamp="2023-01-18T11:14:19 IST" skipped="0">
  <testcase classname="sample.SampleTest2" name="test2" time="0.008"/>
  <system-out/>
</testsuite> <!-- sample.SampleTest2 -->
