<?xml version="1.0" encoding="UTF-8"?>
<!-- Generated by org.testng.reporters.JUnitReportReporter -->
<testsuite hostname="DESKTOP-3BJMLDI" failures="0" tests="1" name="demo.CreateOrgTest" time="0.009" errors="0" timestamp="2023-01-17T11:45:12 IST" skipped="0">
  <testcase classname="demo.CreateOrgTest" name="test" time="0.009"/>
  <system-out/>
</testsuite> <!-- demo.CreateOrgTest -->
