<?xml version="1.0" encoding="UTF-8"?>
<!-- Generated by org.testng.reporters.JUnitReportReporter -->
<testsuite hostname="DESKTOP-3BJMLDI" failures="0" tests="1" name="sample.SampleTest3" time="0.015" errors="0" timestamp="2023-01-18T12:02:50 IST" skipped="0">
  <testcase classname="sample.SampleTest3" name="test1" time="0.015"/>
  <system-out/>
</testsuite> <!-- sample.SampleTest3 -->
