<?xml version="1.0" encoding="UTF-8"?>
<!-- Generated by org.testng.reporters.JUnitReportReporter -->
<testsuite hostname="DESKTOP-3BJMLDI" failures="0" tests="1" name="demo.CreateContactTest" time="0.019" errors="0" timestamp="2023-01-18T09:43:06 IST" skipped="0">
  <testcase classname="demo.CreateContactTest" name="test" time="0.019"/>
  <system-out/>
</testsuite> <!-- demo.CreateContactTest -->
