<?xml version="1.0" encoding="UTF-8"?>
<!-- Generated by org.testng.reporters.JUnitReportReporter -->
<testsuite hostname="DESKTOP-3BJMLDI" failures="0" tests="1" name="demo.Practice" time="0.008" errors="0" timestamp="2023-01-17T11:20:31 IST" skipped="0">
  <testcase classname="demo.Practice" name="createOrgTest" time="0.008"/>
  <system-out/>
</testsuite> <!-- demo.Practice -->
