<?xml version="1.0" encoding="UTF-8"?>
<!-- Generated by org.testng.reporters.JUnitReportReporter -->
<testsuite hostname="DESKTOP-3BJMLDI" failures="0" tests="1" name="realCode.CreateTest" time="0.025" errors="0" timestamp="2023-01-20T09:41:16 IST" skipped="0">
  <testcase classname="realCode.CreateTest" name="test" time="0.025"/>
  <system-out/>
</testsuite> <!-- realCode.CreateTest -->
