<?xml version="1.0" encoding="UTF-8"?>
<!-- Generated by org.testng.reporters.JUnitReportReporter -->
<testsuite hostname="DESKTOP-3BJMLDI" failures="0" tests="1" name="practice.NewTest" time="0.007" errors="0" timestamp="2023-01-18T19:19:27 IST" skipped="0">
  <testcase classname="practice.NewTest" name="test1" time="0.007"/>
  <system-out/>
</testsuite> <!-- practice.NewTest -->
