<?xml version="1.0" encoding="UTF-8"?>
<!-- Generated by org.testng.reporters.JUnitReportReporter -->
<testsuite hostname="DESKTOP-3BJMLDI" failures="0" tests="1" name="demo.createOrgTest" time="0.007" errors="0" timestamp="2023-01-17T11:32:22 IST" skipped="0">
  <testcase classname="demo.createOrgTest" name="test" time="0.007"/>
  <system-out/>
</testsuite> <!-- demo.createOrgTest -->
